<?xml version="1.0" encoding="UTF-8"?>
<testsuite xmlns:xsi="http://www.w3.org/2001/XMLSchema-instance" xsi:noNamespaceSchemaLocation="https://maven.apache.org/surefire/maven-surefire-plugin/xsd/surefire-test-report.xsd" name="com.cubox.server.biz.log.controller.AccessHistoryControllerTest" time="0.76" tests="2" errors="0" skipped="0" failures="2">
  <properties>
[...]
</properties>
  <testcase name="getAccessHistory" classname="com.cubox.server.biz.log.controller.AccessHistoryControllerTest" time="0.047">
    <failure message="Status expected:&lt;200&gt; but was:&lt;401&gt;" type="java.lang.AssertionError"><![CDATA[java.lang.AssertionError: Status expected:<200> but was:<401>
	at com.cubox.server.biz.log.controller.AccessHistoryControllerTest.getAccessHistory(AccessHistoryControllerTest.java:45)
]]></failure>
    <system-out><![CDATA[2021-06-15 13:39:07.953  INFO 18940 --- [           main] .b.t.a.w.s.WebMvcTestContextBootstrapper : Neither @ContextConfiguration nor @ContextHierarchy found for test class [com.cubox.server.biz.log.controller.AccessHistoryControllerTest], using SpringBootContextLoader
2021-06-15 13:39:07.954  INFO 18940 --- [           main] o.s.t.c.support.AbstractContextLoader    : Could not detect default resource locations for test class [com.cubox.server.biz.log.controller.AccessHistoryControllerTest]: no resource found for suffixes {-context.xml, Context.groovy}.
2021-06-15 13:39:07.955  INFO 18940 --- [           main] t.c.s.AnnotationConfigContextLoaderUtils : Could not detect default configuration classes for test class [com.cubox.server.biz.log.controller.AccessHistoryControllerTest]: AccessHistoryControllerTest does not declare any static, non-private, non-final, nested classes annotated with @Configuration.
2021-06-15 13:39:07.963  INFO 18940 --- [           main] .b.t.c.SpringBootTestContextBootstrapper : Found @SpringBootConfiguration com.cubox.server.ServerApplication for test class com.cubox.server.biz.log.controller.AccessHistoryControllerTest
2021-06-15 13:39:07.967  INFO 18940 --- [           main] .b.t.a.w.s.WebMvcTestContextBootstrapper : Loaded default TestExecutionListener class names from location [META-INF/spring.factories]: [org.springframework.boot.test.mock.mockito.MockitoTestExecutionListener, org.springframework.boot.test.mock.mockito.ResetMocksTestExecutionListener, org.springframework.boot.test.autoconfigure.restdocs.RestDocsTestExecutionListener, org.springframework.boot.test.autoconfigure.web.client.MockRestServiceServerResetTestExecutionListener, org.springframework.boot.test.autoconfigure.web.servlet.MockMvcPrintOnlyOnFailureTestExecutionListener, org.springframework.boot.test.autoconfigure.web.servlet.WebDriverTestExecutionListener, org.springframework.boot.test.autoconfigure.webservices.client.MockWebServiceServerTestExecutionListener, org.springframework.test.context.web.ServletTestExecutionListener, org.springframework.test.context.support.DirtiesContextBeforeModesTestExecutionListener, org.springframework.test.context.support.DependencyInjectionTestExecutionListener, org.springframework.test.context.support.DirtiesContextTestExecutionListener, org.springframework.test.context.transaction.TransactionalTestExecutionListener, org.springframework.test.context.jdbc.SqlScriptsTestExecutionListener, org.springframework.test.context.event.EventPublishingTestExecutionListener]
2021-06-15 13:39:07.967  INFO 18940 --- [           main] .b.t.a.w.s.WebMvcTestContextBootstrapper : Using TestExecutionListeners: [org.springframework.test.context.web.ServletTestExecutionListener@2396408a, org.springframework.test.context.support.DirtiesContextBeforeModesTestExecutionListener@3e4ead73, org.springframework.boot.test.mock.mockito.MockitoTestExecutionListener@64de9fa4, org.springframework.boot.test.autoconfigure.SpringBootDependencyInjectionTestExecutionListener@15a5cc6e, org.springframework.test.context.support.DirtiesContextTestExecutionListener@4a65c40, org.springframework.test.context.transaction.TransactionalTestExecutionListener@4fc84c92, org.springframework.test.context.jdbc.SqlScriptsTestExecutionListener@5f7bd970, org.springframework.test.context.event.EventPublishingTestExecutionListener@6406b84d, org.springframework.boot.test.mock.mockito.ResetMocksTestExecutionListener@5274acd1, org.springframework.boot.test.autoconfigure.restdocs.RestDocsTestExecutionListener@5fd5d6d1, org.springframework.boot.test.autoconfigure.web.client.MockRestServiceServerResetTestExecutionListener@5e643402, org.springframework.boot.test.autoconfigure.web.servlet.MockMvcPrintOnlyOnFailureTestExecutionListener@ff12b53, org.springframework.boot.test.autoconfigure.web.servlet.WebDriverTestExecutionListener@78141c58, org.springframework.boot.test.autoconfigure.webservices.client.MockWebServiceServerTestExecutionListener@9863ed5]

  .   ____          _            __ _ _
 /\\ / ___'_ __ _ _(_)_ __  __ _ \ \ \ \
( ( )\___ | '_ | '_| | '_ \/ _` | \ \ \ \
 \\/  ___)| |_)| | | | | || (_| |  ) ) ) )
  '  |____| .__|_| |_|_| |_\__, | / / / /
 =========|_|==============|___/=/_/_/_/
 :: Spring Boot ::        (v2.3.3.RELEASE)

2021-06-15 13:39:08.018  INFO 18940 --- [           main] c.c.s.b.l.c.AccessHistoryControllerTest  : Starting AccessHistoryControllerTest on DESKTOP-4M2PRNB with PID 18940 (started by cubox in e:\CUBOX\Private\spring-protorype\Access)
2021-06-15 13:39:08.021  INFO 18940 --- [           main] c.c.s.b.l.c.AccessHistoryControllerTest  : No active profile set, falling back to default profiles: default
2021-06-15 13:39:08.493  INFO 18940 --- [           main] o.s.s.concurrent.ThreadPoolTaskExecutor  : Initializing ExecutorService 'applicationTaskExecutor'
2021-06-15 13:39:08.800  INFO 18940 --- [           main] .s.s.UserDetailsServiceAutoConfiguration : 

Using generated security password: 485b9db9-439f-4d1d-8f03-4bc21dc3265b

2021-06-15 13:39:08.897  INFO 18940 --- [           main] o.s.s.web.DefaultSecurityFilterChain     : Creating filter chain: any request, [org.springframework.security.web.context.request.async.WebAsyncManagerIntegrationFilter@1e12fdcf, org.springframework.security.web.context.SecurityContextPersistenceFilter@5ed88e31, org.springframework.security.web.header.HeaderWriterFilter@78e59b04, org.springframework.security.web.csrf.CsrfFilter@33986be7, org.springframework.security.web.authentication.logout.LogoutFilter@38f3dbbf, org.springframework.security.web.authentication.UsernamePasswordAuthenticationFilter@53b9952f, org.springframework.security.web.authentication.ui.DefaultLoginPageGeneratingFilter@556e4588, org.springframework.security.web.authentication.ui.DefaultLogoutPageGeneratingFilter@1d0fc0bc, org.springframework.security.web.authentication.www.BasicAuthenticationFilter@7bdddfa4, org.springframework.security.web.savedrequest.RequestCacheAwareFilter@574413bd, org.springframework.security.web.servletapi.SecurityContextHolderAwareRequestFilter@3ad9fea, org.springframework.security.web.authentication.AnonymousAuthenticationFilter@2003edf, org.springframework.security.web.session.SessionManagementFilter@2e6f1f48, org.springframework.security.web.access.ExceptionTranslationFilter@748fa354, org.springframework.security.web.access.intercept.FilterSecurityInterceptor@765eb801]
2021-06-15 13:39:08.932  INFO 18940 --- [           main] o.s.b.t.m.w.SpringBootMockServletContext : Initializing Spring TestDispatcherServlet ''
2021-06-15 13:39:08.932  INFO 18940 --- [           main] o.s.t.web.servlet.TestDispatcherServlet  : Initializing Servlet ''
2021-06-15 13:39:08.940  INFO 18940 --- [           main] o.s.t.web.servlet.TestDispatcherServlet  : Completed initialization in 8 ms
2021-06-15 13:39:08.961  INFO 18940 --- [           main] c.c.s.b.l.c.AccessHistoryControllerTest  : Started AccessHistoryControllerTest in 0.989 seconds (JVM running for 7.962)

MockHttpServletRequest:
      HTTP Method = GET
      Request URI = /access-histories/08bb7309-4955-47d4-8efa-3fed1ce138ea
       Parameters = {}
          Headers = []
             Body = <no character encoding set>
    Session Attrs = {SPRING_SECURITY_SAVED_REQUEST=DefaultSavedRequest[http://localhost/access-histories/08bb7309-4955-47d4-8efa-3fed1ce138ea]}

Handler:
             Type = null

Async:
    Async started = false
     Async result = null

Resolved Exception:
             Type = null

ModelAndView:
        View name = null
             View = null
            Model = null

FlashMap:
       Attributes = null

MockHttpServletResponse:
           Status = 401
    Error message = Unauthorized
          Headers = [WWW-Authenticate:"Basic realm="Realm"", X-Content-Type-Options:"nosniff", X-XSS-Protection:"1; mode=block", Cache-Control:"no-cache, no-store, max-age=0, must-revalidate", Pragma:"no-cache", Expires:"0", X-Frame-Options:"DENY"]
     Content type = null
             Body = 
    Forwarded URL = null
   Redirected URL = null
          Cookies = []
]]></system-out>
  </testcase>
  <testcase name="getAccessHistoryList" classname="com.cubox.server.biz.log.controller.AccessHistoryControllerTest" time="0.048">
    <failure message="Status expected:&lt;200&gt; but was:&lt;401&gt;" type="java.lang.AssertionError"><![CDATA[java.lang.AssertionError: Status expected:<200> but was:<401>
	at com.cubox.server.biz.log.controller.AccessHistoryControllerTest.getAccessHistoryList(AccessHistoryControllerTest.java:35)
]]></failure>
    <system-out><![CDATA[
MockHttpServletRequest:
      HTTP Method = GET
      Request URI = /access-histories
       Parameters = {}
          Headers = []
             Body = <no character encoding set>
    Session Attrs = {SPRING_SECURITY_SAVED_REQUEST=DefaultSavedRequest[http://localhost/access-histories]}

Handler:
             Type = null

Async:
    Async started = false
     Async result = null

Resolved Exception:
             Type = null

ModelAndView:
        View name = null
             View = null
            Model = null

FlashMap:
       Attributes = null

MockHttpServletResponse:
           Status = 401
    Error message = Unauthorized
          Headers = [WWW-Authenticate:"Basic realm="Realm"", X-Content-Type-Options:"nosniff", X-XSS-Protection:"1; mode=block", Cache-Control:"no-cache, no-store, max-age=0, must-revalidate", Pragma:"no-cache", Expires:"0", X-Frame-Options:"DENY"]
     Content type = null
             Body = 
    Forwarded URL = null
   Redirected URL = null
          Cookies = []
]]></system-out>
  </testcase>
</testsuite>