<?xml version="1.0" encoding="UTF-8"?>
<testsuite xmlns:xsi="http://www.w3.org/2001/XMLSchema-instance" xsi:noNamespaceSchemaLocation="https://maven.apache.org/surefire/maven-surefire-plugin/xsd/surefire-test-report.xsd" name="com.cubox.server.biz.identity.service.EmployeeServiceImplTest" time="3.014" tests="2" errors="0" skipped="1" failures="0">
  <properties>
[...]
</properties>
  <testcase name="retrieveEmployee" classname="com.cubox.server.biz.identity.service.EmployeeServiceImplTest" time="0">
    <skipped message="TODO : Fixed Test Case"/>
    <system-out><![CDATA[2021-06-15 13:39:04.761  INFO 18940 --- [           main] .b.t.c.SpringBootTestContextBootstrapper : Neither @ContextConfiguration nor @ContextHierarchy found for test class [com.cubox.server.biz.identity.service.EmployeeServiceImplTest], using SpringBootContextLoader
2021-06-15 13:39:04.762  INFO 18940 --- [           main] o.s.t.c.support.AbstractContextLoader    : Could not detect default resource locations for test class [com.cubox.server.biz.identity.service.EmployeeServiceImplTest]: no resource found for suffixes {-context.xml, Context.groovy}.
2021-06-15 13:39:04.762  INFO 18940 --- [           main] t.c.s.AnnotationConfigContextLoaderUtils : Could not detect default configuration classes for test class [com.cubox.server.biz.identity.service.EmployeeServiceImplTest]: EmployeeServiceImplTest does not declare any static, non-private, non-final, nested classes annotated with @Configuration.
2021-06-15 13:39:04.772  INFO 18940 --- [           main] .b.t.c.SpringBootTestContextBootstrapper : Found @SpringBootConfiguration com.cubox.server.ServerApplication for test class com.cubox.server.biz.identity.service.EmployeeServiceImplTest
2021-06-15 13:39:04.776  INFO 18940 --- [           main] .b.t.c.SpringBootTestContextBootstrapper : Loaded default TestExecutionListener class names from location [META-INF/spring.factories]: [org.springframework.boot.test.mock.mockito.MockitoTestExecutionListener, org.springframework.boot.test.mock.mockito.ResetMocksTestExecutionListener, org.springframework.boot.test.autoconfigure.restdocs.RestDocsTestExecutionListener, org.springframework.boot.test.autoconfigure.web.client.MockRestServiceServerResetTestExecutionListener, org.springframework.boot.test.autoconfigure.web.servlet.MockMvcPrintOnlyOnFailureTestExecutionListener, org.springframework.boot.test.autoconfigure.web.servlet.WebDriverTestExecutionListener, org.springframework.boot.test.autoconfigure.webservices.client.MockWebServiceServerTestExecutionListener, org.springframework.test.context.web.ServletTestExecutionListener, org.springframework.test.context.support.DirtiesContextBeforeModesTestExecutionListener, org.springframework.test.context.support.DependencyInjectionTestExecutionListener, org.springframework.test.context.support.DirtiesContextTestExecutionListener, org.springframework.test.context.transaction.TransactionalTestExecutionListener, org.springframework.test.context.jdbc.SqlScriptsTestExecutionListener, org.springframework.test.context.event.EventPublishingTestExecutionListener]
2021-06-15 13:39:04.777  INFO 18940 --- [           main] .b.t.c.SpringBootTestContextBootstrapper : Using TestExecutionListeners: [org.springframework.test.context.web.ServletTestExecutionListener@4b98225c, org.springframework.test.context.support.DirtiesContextBeforeModesTestExecutionListener@4beae1e3, org.springframework.boot.test.mock.mockito.MockitoTestExecutionListener@3c488b34, org.springframework.boot.test.autoconfigure.SpringBootDependencyInjectionTestExecutionListener@32e697ac, org.springframework.test.context.support.DirtiesContextTestExecutionListener@3866c96e, org.springframework.test.context.transaction.TransactionalTestExecutionListener@241fc278, org.springframework.test.context.jdbc.SqlScriptsTestExecutionListener@5c76fce4, org.springframework.test.context.event.EventPublishingTestExecutionListener@5aab5b31, org.springframework.boot.test.mock.mockito.ResetMocksTestExecutionListener@5408d4b3, org.springframework.boot.test.autoconfigure.restdocs.RestDocsTestExecutionListener@eded048, org.springframework.boot.test.autoconfigure.web.client.MockRestServiceServerResetTestExecutionListener@65a48cab, org.springframework.boot.test.autoconfigure.web.servlet.MockMvcPrintOnlyOnFailureTestExecutionListener@655621fd, org.springframework.boot.test.autoconfigure.web.servlet.WebDriverTestExecutionListener@77e9dca8, org.springframework.boot.test.autoconfigure.webservices.client.MockWebServiceServerTestExecutionListener@fcd0e8d]

  .   ____          _            __ _ _
 /\\ / ___'_ __ _ _(_)_ __  __ _ \ \ \ \
( ( )\___ | '_ | '_| | '_ \/ _` | \ \ \ \
 \\/  ___)| |_)| | | | | || (_| |  ) ) ) )
  '  |____| .__|_| |_|_| |_\__, | / / / /
 =========|_|==============|___/=/_/_/_/
 :: Spring Boot ::        (v2.3.3.RELEASE)

2021-06-15 13:39:04.805  INFO 18940 --- [           main] c.c.s.b.i.s.EmployeeServiceImplTest      : Starting EmployeeServiceImplTest on DESKTOP-4M2PRNB with PID 18940 (started by cubox in e:\CUBOX\Private\spring-protorype\Access)
2021-06-15 13:39:04.806  INFO 18940 --- [           main] c.c.s.b.i.s.EmployeeServiceImplTest      : No active profile set, falling back to default profiles: default
2021-06-15 13:39:05.149  INFO 18940 --- [           main] .s.d.r.c.RepositoryConfigurationDelegate : Bootstrapping Spring Data JPA repositories in DEFERRED mode.
2021-06-15 13:39:05.217  INFO 18940 --- [           main] .s.d.r.c.RepositoryConfigurationDelegate : Finished Spring Data repository scanning in 60ms. Found 3 JPA repository interfaces.
2021-06-15 13:39:05.483  INFO 18940 --- [           main] o.f.c.internal.license.VersionPrinter    : Flyway Community Edition 6.4.4 by Redgate
2021-06-15 13:39:05.489  INFO 18940 --- [           main] com.zaxxer.hikari.HikariDataSource       : HikariPool-1 - Starting...
2021-06-15 13:39:05.666  INFO 18940 --- [           main] com.zaxxer.hikari.HikariDataSource       : HikariPool-1 - Start completed.
2021-06-15 13:39:05.687  INFO 18940 --- [           main] o.f.c.internal.database.DatabaseFactory  : Database: jdbc:h2:mem:testdb (H2 1.4)
2021-06-15 13:39:05.747  INFO 18940 --- [           main] o.f.core.internal.command.DbValidate     : Successfully validated 1 migration (execution time 00:00.019s)
2021-06-15 13:39:05.760  INFO 18940 --- [           main] o.f.c.i.s.JdbcTableSchemaHistory         : Creating Schema History table "PUBLIC"."flyway_schema_history" ...
2021-06-15 13:39:05.810  INFO 18940 --- [           main] o.f.core.internal.command.DbMigrate      : Current version of schema "PUBLIC": << Empty Schema >>
2021-06-15 13:39:05.816  INFO 18940 --- [           main] o.f.core.internal.command.DbMigrate      : Migrating schema "PUBLIC" to version 1 - init
2021-06-15 13:39:05.844  INFO 18940 --- [           main] o.f.core.internal.command.DbMigrate      : Successfully applied 1 migration to schema "PUBLIC" (execution time 00:00.041s)
2021-06-15 13:39:05.942  INFO 18940 --- [           main] o.s.s.concurrent.ThreadPoolTaskExecutor  : Initializing ExecutorService 'applicationTaskExecutor'
2021-06-15 13:39:05.998  INFO 18940 --- [         task-1] o.hibernate.jpa.internal.util.LogHelper  : HHH000204: Processing PersistenceUnitInfo [name: default]
2021-06-15 13:39:06.050  INFO 18940 --- [         task-1] org.hibernate.Version                    : HHH000412: Hibernate ORM core version 5.4.20.Final
2021-06-15 13:39:06.092  INFO 18940 --- [         task-1] o.hibernate.annotations.common.Version   : HCANN000001: Hibernate Commons Annotations {5.1.0.Final}
2021-06-15 13:39:06.242  INFO 18940 --- [         task-1] org.hibernate.dialect.Dialect            : HHH000400: Using dialect: org.hibernate.dialect.H2Dialect
Hibernate: drop table if exists tbl_access_histories CASCADE 
Hibernate: drop table if exists tbl_employees CASCADE 
Hibernate: drop table if exists tbl_positions CASCADE 
Hibernate: create table tbl_access_histories (id binary not null, access_time timestamp, access_type varchar(255), auth_type varchar(255), device_id varchar(255), user_id varchar(255), primary key (id))
Hibernate: create table tbl_employees (id VARCHAR(36) not null, create_dt timestamp, update_dt timestamp, access_group_id varchar(255), email varchar(255), employee_name varchar(255), employee_no varchar(255), employtype_id varchar(255), end_dt timestamp, organization_id varchar(255), phone_number varchar(255), position_id varchar(255), start_dt timestamp, primary key (id))
Hibernate: create table tbl_positions (id VARCHAR(36) not null, create_dt timestamp, update_dt timestamp, description varchar(255), name varchar(255), primary key (id))
2021-06-15 13:39:06.738  INFO 18940 --- [         task-1] o.h.e.t.j.p.i.JtaPlatformInitiator       : HHH000490: Using JtaPlatform implementation: [org.hibernate.engine.transaction.jta.platform.internal.NoJtaPlatform]
2021-06-15 13:39:06.749  INFO 18940 --- [         task-1] j.LocalContainerEntityManagerFactoryBean : Initialized JPA EntityManagerFactory for persistence unit 'default'
2021-06-15 13:39:06.950  WARN 18940 --- [           main] JpaBaseConfiguration$JpaWebConfiguration : spring.jpa.open-in-view is enabled by default. Therefore, database queries may be performed during view rendering. Explicitly configure spring.jpa.open-in-view to disable this warning
2021-06-15 13:39:07.234  INFO 18940 --- [           main] .s.s.UserDetailsServiceAutoConfiguration : 

Using generated security password: 44f770d5-7c95-44f0-bdde-ee23a1979963

2021-06-15 13:39:07.310  INFO 18940 --- [           main] o.s.s.web.DefaultSecurityFilterChain     : Creating filter chain: any request, [org.springframework.security.web.context.request.async.WebAsyncManagerIntegrationFilter@2634d000, org.springframework.security.web.context.SecurityContextPersistenceFilter@599310ab, org.springframework.security.web.header.HeaderWriterFilter@74919649, org.springframework.security.web.csrf.CsrfFilter@444c0f9a, org.springframework.security.web.authentication.logout.LogoutFilter@1e2b37cd, org.springframework.security.web.authentication.UsernamePasswordAuthenticationFilter@3892802b, org.springframework.security.web.authentication.ui.DefaultLoginPageGeneratingFilter@4d90d91f, org.springframework.security.web.authentication.ui.DefaultLogoutPageGeneratingFilter@1642968c, org.springframework.security.web.authentication.www.BasicAuthenticationFilter@4745bcc6, org.springframework.security.web.savedrequest.RequestCacheAwareFilter@770cbe5d, org.springframework.security.web.servletapi.SecurityContextHolderAwareRequestFilter@f575d2b, org.springframework.security.web.authentication.AnonymousAuthenticationFilter@3a7dcfb7, org.springframework.security.web.session.SessionManagementFilter@7d07e04e, org.springframework.security.web.access.ExceptionTranslationFilter@36931450, org.springframework.security.web.access.intercept.FilterSecurityInterceptor@1764e45e]
2021-06-15 13:39:07.363  INFO 18940 --- [           main] DeferredRepositoryInitializationListener : Triggering deferred initialization of Spring Data repositories…
2021-06-15 13:39:07.650  INFO 18940 --- [           main] DeferredRepositoryInitializationListener : Spring Data repositories initialized!
2021-06-15 13:39:07.653  INFO 18940 --- [           main] c.c.s.b.i.s.EmployeeServiceImplTest      : Started EmployeeServiceImplTest in 2.875 seconds (JVM running for 6.654)
]]></system-out>
  </testcase>
  <testcase name="retrieveEmployeeList" classname="com.cubox.server.biz.identity.service.EmployeeServiceImplTest" time="0.264"/>
</testsuite>