<?xml version="1.0" encoding="UTF-8"?>
<testsuite xmlns:xsi="http://www.w3.org/2001/XMLSchema-instance" xsi:noNamespaceSchemaLocation="https://maven.apache.org/surefire/maven-surefire-plugin/xsd/surefire-test-report.xsd" name="com.cubox.server.biz.identity.service.EmployeeServiceImplTest" time="2.576" tests="2" errors="0" skipped="1" failures="0">
  <properties>
[...]
</properties>
  <testcase name="retrieveEmployee" classname="com.cubox.server.biz.identity.service.EmployeeServiceImplTest" time="0">
    <skipped message="public void com.cubox.server.biz.identity.service.EmployeeServiceImplTest.retrieveEmployee() throws java.lang.Exception is @Disabled"/>
    <system-out><![CDATA[2020-10-07 13:52:54.322  INFO 32124 --- [           main] .b.t.c.SpringBootTestContextBootstrapper : Neither @ContextConfiguration nor @ContextHierarchy found for test class [com.cubox.server.biz.identity.service.EmployeeServiceImplTest], using SpringBootContextLoader
2020-10-07 13:52:54.323  INFO 32124 --- [           main] o.s.t.c.support.AbstractContextLoader    : Could not detect default resource locations for test class [com.cubox.server.biz.identity.service.EmployeeServiceImplTest]: no resource found for suffixes {-context.xml, Context.groovy}.
2020-10-07 13:52:54.323  INFO 32124 --- [           main] t.c.s.AnnotationConfigContextLoaderUtils : Could not detect default configuration classes for test class [com.cubox.server.biz.identity.service.EmployeeServiceImplTest]: EmployeeServiceImplTest does not declare any static, non-private, non-final, nested classes annotated with @Configuration.
2020-10-07 13:52:54.330  INFO 32124 --- [           main] .b.t.c.SpringBootTestContextBootstrapper : Found @SpringBootConfiguration com.cubox.server.ServerApplication for test class com.cubox.server.biz.identity.service.EmployeeServiceImplTest
2020-10-07 13:52:54.334  INFO 32124 --- [           main] .b.t.c.SpringBootTestContextBootstrapper : Loaded default TestExecutionListener class names from location [META-INF/spring.factories]: [org.springframework.boot.test.mock.mockito.MockitoTestExecutionListener, org.springframework.boot.test.mock.mockito.ResetMocksTestExecutionListener, org.springframework.boot.test.autoconfigure.restdocs.RestDocsTestExecutionListener, org.springframework.boot.test.autoconfigure.web.client.MockRestServiceServerResetTestExecutionListener, org.springframework.boot.test.autoconfigure.web.servlet.MockMvcPrintOnlyOnFailureTestExecutionListener, org.springframework.boot.test.autoconfigure.web.servlet.WebDriverTestExecutionListener, org.springframework.boot.test.autoconfigure.webservices.client.MockWebServiceServerTestExecutionListener, org.springframework.test.context.web.ServletTestExecutionListener, org.springframework.test.context.support.DirtiesContextBeforeModesTestExecutionListener, org.springframework.test.context.support.DependencyInjectionTestExecutionListener, org.springframework.test.context.support.DirtiesContextTestExecutionListener, org.springframework.test.context.transaction.TransactionalTestExecutionListener, org.springframework.test.context.jdbc.SqlScriptsTestExecutionListener, org.springframework.test.context.event.EventPublishingTestExecutionListener]
2020-10-07 13:52:54.335  INFO 32124 --- [           main] .b.t.c.SpringBootTestContextBootstrapper : Using TestExecutionListeners: [org.springframework.test.context.web.ServletTestExecutionListener@3d0d120b, org.springframework.test.context.support.DirtiesContextBeforeModesTestExecutionListener@6b5c134e, org.springframework.boot.test.mock.mockito.MockitoTestExecutionListener@34d9df9f, org.springframework.boot.test.autoconfigure.SpringBootDependencyInjectionTestExecutionListener@35c8be21, org.springframework.test.context.support.DirtiesContextTestExecutionListener@60807fd9, org.springframework.test.context.transaction.TransactionalTestExecutionListener@6bcdd6e4, org.springframework.test.context.jdbc.SqlScriptsTestExecutionListener@1192c925, org.springframework.test.context.event.EventPublishingTestExecutionListener@615b5480, org.springframework.boot.test.mock.mockito.ResetMocksTestExecutionListener@24691c5, org.springframework.boot.test.autoconfigure.restdocs.RestDocsTestExecutionListener@7b91d9f, org.springframework.boot.test.autoconfigure.web.client.MockRestServiceServerResetTestExecutionListener@6537ac, org.springframework.boot.test.autoconfigure.web.servlet.MockMvcPrintOnlyOnFailureTestExecutionListener@3b218c74, org.springframework.boot.test.autoconfigure.web.servlet.WebDriverTestExecutionListener@ddffa6c, org.springframework.boot.test.autoconfigure.webservices.client.MockWebServiceServerTestExecutionListener@42c54bad]

  .   ____          _            __ _ _
 /\\ / ___'_ __ _ _(_)_ __  __ _ \ \ \ \
( ( )\___ | '_ | '_| | '_ \/ _` | \ \ \ \
 \\/  ___)| |_)| | | | | || (_| |  ) ) ) )
  '  |____| .__|_| |_|_| |_\__, | / / / /
 =========|_|==============|___/=/_/_/_/
 :: Spring Boot ::        (v2.3.3.RELEASE)

2020-10-07 13:52:54.361  INFO 32124 --- [           main] c.c.s.b.i.s.EmployeeServiceImplTest      : Starting EmployeeServiceImplTest on DESKTOP-4M2PRNB with PID 32124 (started by cubox in e:\CUBOX\work\Access)
2020-10-07 13:52:54.361  INFO 32124 --- [           main] c.c.s.b.i.s.EmployeeServiceImplTest      : No active profile set, falling back to default profiles: default
2020-10-07 13:52:54.658  INFO 32124 --- [           main] .s.d.r.c.RepositoryConfigurationDelegate : Bootstrapping Spring Data JPA repositories in DEFERRED mode.
2020-10-07 13:52:54.717  INFO 32124 --- [           main] .s.d.r.c.RepositoryConfigurationDelegate : Finished Spring Data repository scanning in 53ms. Found 3 JPA repository interfaces.
2020-10-07 13:52:54.967  INFO 32124 --- [           main] o.f.c.internal.license.VersionPrinter    : Flyway Community Edition 6.4.4 by Redgate
2020-10-07 13:52:54.973  INFO 32124 --- [           main] com.zaxxer.hikari.HikariDataSource       : HikariPool-1 - Starting...
2020-10-07 13:52:55.130  INFO 32124 --- [           main] com.zaxxer.hikari.HikariDataSource       : HikariPool-1 - Start completed.
2020-10-07 13:52:55.151  INFO 32124 --- [           main] o.f.c.internal.database.DatabaseFactory  : Database: jdbc:h2:mem:testdb (H2 1.4)
2020-10-07 13:52:55.214  INFO 32124 --- [           main] o.f.core.internal.command.DbValidate     : Successfully validated 1 migration (execution time 00:00.018s)
2020-10-07 13:52:55.225  INFO 32124 --- [           main] o.f.c.i.s.JdbcTableSchemaHistory         : Creating Schema History table "PUBLIC"."flyway_schema_history" ...
2020-10-07 13:52:55.264  INFO 32124 --- [           main] o.f.core.internal.command.DbMigrate      : Current version of schema "PUBLIC": << Empty Schema >>
2020-10-07 13:52:55.268  INFO 32124 --- [           main] o.f.core.internal.command.DbMigrate      : Migrating schema "PUBLIC" to version 1 - init
2020-10-07 13:52:55.297  INFO 32124 --- [           main] o.f.core.internal.command.DbMigrate      : Successfully applied 1 migration to schema "PUBLIC" (execution time 00:00.039s)
2020-10-07 13:52:55.395  INFO 32124 --- [           main] o.s.s.concurrent.ThreadPoolTaskExecutor  : Initializing ExecutorService 'applicationTaskExecutor'
2020-10-07 13:52:55.447  INFO 32124 --- [         task-1] o.hibernate.jpa.internal.util.LogHelper  : HHH000204: Processing PersistenceUnitInfo [name: default]
2020-10-07 13:52:55.496  INFO 32124 --- [         task-1] org.hibernate.Version                    : HHH000412: Hibernate ORM core version 5.4.20.Final
2020-10-07 13:52:55.537  INFO 32124 --- [         task-1] o.hibernate.annotations.common.Version   : HCANN000001: Hibernate Commons Annotations {5.1.0.Final}
2020-10-07 13:52:55.644  INFO 32124 --- [         task-1] org.hibernate.dialect.Dialect            : HHH000400: Using dialect: org.hibernate.dialect.H2Dialect
Hibernate: drop table if exists tbl_access_histories CASCADE 
Hibernate: drop table if exists tbl_employees CASCADE 
Hibernate: drop table if exists tbl_positions CASCADE 
Hibernate: create table tbl_access_histories (id binary not null, access_time timestamp, access_type varchar(255), auth_type varchar(255), device_id varchar(255), user_id varchar(255), primary key (id))
Hibernate: create table tbl_employees (id VARCHAR(36) not null, create_dt timestamp, update_dt timestamp, access_group_id varchar(255), email varchar(255), employee_name varchar(255), employee_no varchar(255), employtype_id varchar(255), end_dt timestamp, organization_id varchar(255), phone_number varchar(255), position_id varchar(255), start_dt timestamp, primary key (id))
Hibernate: create table tbl_positions (id VARCHAR(36) not null, create_dt timestamp, update_dt timestamp, description varchar(255), name varchar(255), primary key (id))
2020-10-07 13:52:56.046  INFO 32124 --- [         task-1] o.h.e.t.j.p.i.JtaPlatformInitiator       : HHH000490: Using JtaPlatform implementation: [org.hibernate.engine.transaction.jta.platform.internal.NoJtaPlatform]
2020-10-07 13:52:56.053  INFO 32124 --- [         task-1] j.LocalContainerEntityManagerFactoryBean : Initialized JPA EntityManagerFactory for persistence unit 'default'
2020-10-07 13:52:56.199  WARN 32124 --- [           main] JpaBaseConfiguration$JpaWebConfiguration : spring.jpa.open-in-view is enabled by default. Therefore, database queries may be performed during view rendering. Explicitly configure spring.jpa.open-in-view to disable this warning
2020-10-07 13:52:56.452  INFO 32124 --- [           main] DeferredRepositoryInitializationListener : Triggering deferred initialization of Spring Data repositories…
2020-10-07 13:52:56.648  INFO 32124 --- [           main] DeferredRepositoryInitializationListener : Spring Data repositories initialized!
2020-10-07 13:52:56.652  INFO 32124 --- [           main] c.c.s.b.i.s.EmployeeServiceImplTest      : Started EmployeeServiceImplTest in 2.314 seconds (JVM running for 5.381)
]]></system-out>
  </testcase>
  <testcase name="retrieveEmployeeList" classname="com.cubox.server.biz.identity.service.EmployeeServiceImplTest" time="0.24"/>
</testsuite>